[0.149s] DEBUG:colcon:Command line arguments: ['/usr/bin/colcon', 'build']
[0.149s] DEBUG:colcon:Parsed command line arguments: Namespace(log_base=None, log_level=None, verb_name='build', build_base='build', install_base='install', merge_install=False, symlink_install=False, test_result_base=None, continue_on_error=False, executor='parallel', parallel_workers=4, event_handlers=None, ignore_user_meta=False, metas=['./colcon.meta'], base_paths=['.'], packages_ignore=None, packages_ignore_regex=None, paths=None, packages_up_to=None, packages_up_to_regex=None, packages_above=None, packages_above_and_dependencies=None, packages_above_depth=None, packages_select_by_dep=None, packages_skip_by_dep=None, packages_skip_up_to=None, packages_select_build_failed=False, packages_skip_build_finished=False, packages_select_test_failures=False, packages_skip_test_passed=False, packages_select=None, packages_skip=None, packages_select_regex=None, packages_skip_regex=None, packages_start=None, packages_end=None, allow_overriding=[], cmake_args=None, cmake_target=None, cmake_target_skip_unavailable=False, cmake_clean_cache=False, cmake_clean_first=False, cmake_force_configure=False, ament_cmake_args=None, catkin_cmake_args=None, catkin_skip_building_tests=False, mixin_files=None, mixin=None, verb_parser=<colcon_mixin.mixin.mixin_argument.MixinArgumentDecorator object at 0xffffb58bf8f0>, verb_extension=<colcon_core.verb.build.BuildVerb object at 0xffffb5906e70>, main=<bound method BuildVerb.main of <colcon_core.verb.build.BuildVerb object at 0xffffb5906e70>>, mixin_verb=('build',))
[0.206s] Level 1:colcon.colcon_core.package_discovery:discover_packages(colcon_meta) check parameters
[0.206s] Level 1:colcon.colcon_core.package_discovery:discover_packages(recursive) check parameters
[0.206s] Level 1:colcon.colcon_core.package_discovery:discover_packages(ignore) check parameters
[0.206s] Level 1:colcon.colcon_core.package_discovery:discover_packages(path) check parameters
[0.206s] Level 1:colcon.colcon_core.package_discovery:discover_packages(colcon_meta) discover
[0.207s] Level 1:colcon.colcon_core.package_discovery:discover_packages(recursive) discover
[0.207s] INFO:colcon.colcon_core.package_discovery:Crawling recursively for packages in '/home/seapi/Documents/seadragon/imu_ws'
[0.207s] Level 1:colcon.colcon_core.package_identification:_identify(.) by extensions ['ignore', 'ignore_ament_install']
[0.207s] Level 1:colcon.colcon_core.package_identification:_identify(.) by extension 'ignore'
[0.207s] Level 1:colcon.colcon_core.package_identification:_identify(.) by extension 'ignore_ament_install'
[0.207s] Level 1:colcon.colcon_core.package_identification:_identify(.) by extensions ['colcon_pkg']
[0.207s] Level 1:colcon.colcon_core.package_identification:_identify(.) by extension 'colcon_pkg'
[0.207s] Level 1:colcon.colcon_core.package_identification:_identify(.) by extensions ['colcon_meta']
[0.207s] Level 1:colcon.colcon_core.package_identification:_identify(.) by extension 'colcon_meta'
[0.207s] Level 1:colcon.colcon_core.package_identification:_identify(.) by extensions ['ros']
[0.207s] Level 1:colcon.colcon_core.package_identification:_identify(.) by extension 'ros'
[0.249s] DEBUG:colcon.colcon_core.package_identification:Package '.' with type 'ros.ament_cmake' and name 'tm_imu'
[0.249s] Level 1:colcon.colcon_core.package_discovery:discover_packages(recursive) using defaults
[0.249s] Level 1:colcon.colcon_core.package_discovery:discover_packages(ignore) discover
[0.249s] Level 1:colcon.colcon_core.package_discovery:discover_packages(ignore) using defaults
[0.249s] Level 1:colcon.colcon_core.package_discovery:discover_packages(path) discover
[0.249s] Level 1:colcon.colcon_core.package_discovery:discover_packages(path) using defaults
[0.272s] Level 1:colcon.colcon_core.package_discovery:discover_packages(prefix_path) check parameters
[0.272s] Level 1:colcon.colcon_core.package_discovery:discover_packages(prefix_path) discover
[0.274s] DEBUG:colcon.colcon_installed_package_information.package_discovery:Found 1 installed packages in /home/seapi/camera_ws/install
[0.274s] DEBUG:colcon.colcon_installed_package_information.package_discovery:Found 1 installed packages in /home/seapi/Documents/seadragon/install
[0.276s] DEBUG:colcon.colcon_installed_package_information.package_discovery:Found 301 installed packages in /opt/ros/rolling
[0.279s] Level 1:colcon.colcon_core.package_discovery:discover_packages(prefix_path) using defaults
[0.340s] Level 5:colcon.colcon_core.verb:set package 'tm_imu' build argument 'cmake_args' from command line to 'None'
[0.341s] Level 5:colcon.colcon_core.verb:set package 'tm_imu' build argument 'cmake_target' from command line to 'None'
[0.341s] Level 5:colcon.colcon_core.verb:set package 'tm_imu' build argument 'cmake_target_skip_unavailable' from command line to 'False'
[0.341s] Level 5:colcon.colcon_core.verb:set package 'tm_imu' build argument 'cmake_clean_cache' from command line to 'False'
[0.341s] Level 5:colcon.colcon_core.verb:set package 'tm_imu' build argument 'cmake_clean_first' from command line to 'False'
[0.341s] Level 5:colcon.colcon_core.verb:set package 'tm_imu' build argument 'cmake_force_configure' from command line to 'False'
[0.341s] Level 5:colcon.colcon_core.verb:set package 'tm_imu' build argument 'ament_cmake_args' from command line to 'None'
[0.341s] Level 5:colcon.colcon_core.verb:set package 'tm_imu' build argument 'catkin_cmake_args' from command line to 'None'
[0.341s] Level 5:colcon.colcon_core.verb:set package 'tm_imu' build argument 'catkin_skip_building_tests' from command line to 'False'
[0.341s] DEBUG:colcon.colcon_core.verb:Building package 'tm_imu' with the following arguments: {'ament_cmake_args': None, 'build_base': '/home/seapi/Documents/seadragon/imu_ws/build/tm_imu', 'catkin_cmake_args': None, 'catkin_skip_building_tests': False, 'cmake_args': None, 'cmake_clean_cache': False, 'cmake_clean_first': False, 'cmake_force_configure': False, 'cmake_target': None, 'cmake_target_skip_unavailable': False, 'install_base': '/home/seapi/Documents/seadragon/imu_ws/install/tm_imu', 'merge_install': False, 'path': '/home/seapi/Documents/seadragon/imu_ws', 'symlink_install': False, 'test_result_base': None}
[0.341s] INFO:colcon.colcon_core.executor:Executing jobs using 'parallel' executor
[0.343s] DEBUG:colcon.colcon_parallel_executor.executor.parallel:run_until_complete
[0.343s] INFO:colcon.colcon_ros.task.ament_cmake.build:Building ROS package in '/home/seapi/Documents/seadragon/imu_ws' with build type 'ament_cmake'
[0.343s] INFO:colcon.colcon_cmake.task.cmake.build:Building CMake package in '/home/seapi/Documents/seadragon/imu_ws'
[0.345s] INFO:colcon.colcon_core.plugin_system:Skipping extension 'colcon_core.shell.bat': Not used on non-Windows systems
[0.346s] INFO:colcon.colcon_core.shell:Skip shell extension 'powershell' for command environment: Not usable outside of PowerShell
[0.346s] DEBUG:colcon.colcon_core.shell:Skip shell extension 'dsv' for command environment
[0.357s] DEBUG:colcon.colcon_core.event_handler.log_command:Invoking command in '/home/seapi/Documents/seadragon/imu_ws/build/tm_imu': CMAKE_PREFIX_PATH=${CMAKE_PREFIX_PATH}:/opt/ros/rolling DEBUGINFOD_URLS=https://debuginfod.ubuntu.com PS1=(.venv) VIRTUAL_ENV_PROMPT=(.venv) /usr/bin/cmake /home/seapi/Documents/seadragon/imu_ws -DCMAKE_INSTALL_PREFIX=/home/seapi/Documents/seadragon/imu_ws/install/tm_imu
[2.342s] DEBUG:colcon.colcon_core.event_handler.log_command:Invoked command in '/home/seapi/Documents/seadragon/imu_ws/build/tm_imu' returned '0': CMAKE_PREFIX_PATH=${CMAKE_PREFIX_PATH}:/opt/ros/rolling DEBUGINFOD_URLS=https://debuginfod.ubuntu.com PS1=(.venv) VIRTUAL_ENV_PROMPT=(.venv) /usr/bin/cmake /home/seapi/Documents/seadragon/imu_ws -DCMAKE_INSTALL_PREFIX=/home/seapi/Documents/seadragon/imu_ws/install/tm_imu
[2.345s] DEBUG:colcon.colcon_core.event_handler.log_command:Invoking command in '/home/seapi/Documents/seadragon/imu_ws/build/tm_imu': CMAKE_PREFIX_PATH=${CMAKE_PREFIX_PATH}:/opt/ros/rolling DEBUGINFOD_URLS=https://debuginfod.ubuntu.com PS1=(.venv) VIRTUAL_ENV_PROMPT=(.venv) /usr/bin/cmake --build /home/seapi/Documents/seadragon/imu_ws/build/tm_imu -- -j4 -l4
[15.995s] DEBUG:colcon.colcon_core.event_handler.log_command:Invoked command in '/home/seapi/Documents/seadragon/imu_ws/build/tm_imu' returned '0': CMAKE_PREFIX_PATH=${CMAKE_PREFIX_PATH}:/opt/ros/rolling DEBUGINFOD_URLS=https://debuginfod.ubuntu.com PS1=(.venv) VIRTUAL_ENV_PROMPT=(.venv) /usr/bin/cmake --build /home/seapi/Documents/seadragon/imu_ws/build/tm_imu -- -j4 -l4
[16.062s] DEBUG:colcon.colcon_core.event_handler.log_command:Invoking command in '/home/seapi/Documents/seadragon/imu_ws/build/tm_imu': CMAKE_PREFIX_PATH=${CMAKE_PREFIX_PATH}:/opt/ros/rolling DEBUGINFOD_URLS=https://debuginfod.ubuntu.com PS1=(.venv) VIRTUAL_ENV_PROMPT=(.venv) /usr/bin/cmake --install /home/seapi/Documents/seadragon/imu_ws/build/tm_imu
[16.089s] Level 1:colcon.colcon_core.environment:create_environment_scripts_only(tm_imu)
[16.090s] DEBUG:colcon.colcon_core.event_handler.log_command:Invoked command in '/home/seapi/Documents/seadragon/imu_ws/build/tm_imu' returned '0': CMAKE_PREFIX_PATH=${CMAKE_PREFIX_PATH}:/opt/ros/rolling DEBUGINFOD_URLS=https://debuginfod.ubuntu.com PS1=(.venv) VIRTUAL_ENV_PROMPT=(.venv) /usr/bin/cmake --install /home/seapi/Documents/seadragon/imu_ws/build/tm_imu
[16.093s] Level 1:colcon.colcon_core.environment:checking '/home/seapi/Documents/seadragon/imu_ws/install/tm_imu' for CMake module files
[16.093s] Level 1:colcon.colcon_core.environment:checking '/home/seapi/Documents/seadragon/imu_ws/install/tm_imu' for CMake config files
[16.094s] Level 1:colcon.colcon_core.shell:create_environment_hook('tm_imu', 'cmake_prefix_path')
[16.094s] INFO:colcon.colcon_core.shell:Creating environment hook '/home/seapi/Documents/seadragon/imu_ws/install/tm_imu/share/tm_imu/hook/cmake_prefix_path.ps1'
[16.095s] INFO:colcon.colcon_core.shell:Creating environment descriptor '/home/seapi/Documents/seadragon/imu_ws/install/tm_imu/share/tm_imu/hook/cmake_prefix_path.dsv'
[16.095s] INFO:colcon.colcon_core.shell:Creating environment hook '/home/seapi/Documents/seadragon/imu_ws/install/tm_imu/share/tm_imu/hook/cmake_prefix_path.sh'
[16.096s] Level 1:colcon.colcon_core.environment:checking '/home/seapi/Documents/seadragon/imu_ws/install/tm_imu/lib'
[16.097s] Level 1:colcon.colcon_core.environment:checking '/home/seapi/Documents/seadragon/imu_ws/install/tm_imu/bin'
[16.097s] Level 1:colcon.colcon_core.environment:checking '/home/seapi/Documents/seadragon/imu_ws/install/tm_imu/lib/pkgconfig/tm_imu.pc'
[16.097s] Level 1:colcon.colcon_core.environment:checking '/home/seapi/Documents/seadragon/imu_ws/install/tm_imu/lib/python3.12/site-packages'
[16.097s] Level 1:colcon.colcon_core.environment:checking '/home/seapi/Documents/seadragon/imu_ws/install/tm_imu/bin'
[16.098s] INFO:colcon.colcon_core.shell:Creating package script '/home/seapi/Documents/seadragon/imu_ws/install/tm_imu/share/tm_imu/package.ps1'
[16.099s] INFO:colcon.colcon_core.shell:Creating package descriptor '/home/seapi/Documents/seadragon/imu_ws/install/tm_imu/share/tm_imu/package.dsv'
[16.099s] INFO:colcon.colcon_core.shell:Creating package script '/home/seapi/Documents/seadragon/imu_ws/install/tm_imu/share/tm_imu/package.sh'
[16.100s] INFO:colcon.colcon_core.shell:Creating package script '/home/seapi/Documents/seadragon/imu_ws/install/tm_imu/share/tm_imu/package.bash'
[16.101s] INFO:colcon.colcon_core.shell:Creating package script '/home/seapi/Documents/seadragon/imu_ws/install/tm_imu/share/tm_imu/package.zsh'
[16.102s] Level 1:colcon.colcon_core.environment:create_file_with_runtime_dependencies(/home/seapi/Documents/seadragon/imu_ws/install/tm_imu/share/colcon-core/packages/tm_imu)
[16.158s] Level 1:colcon.colcon_core.environment:create_environment_scripts_only(tm_imu)
[16.159s] Level 1:colcon.colcon_core.environment:checking '/home/seapi/Documents/seadragon/imu_ws/install/tm_imu' for CMake module files
[16.159s] Level 1:colcon.colcon_core.environment:checking '/home/seapi/Documents/seadragon/imu_ws/install/tm_imu' for CMake config files
[16.160s] Level 1:colcon.colcon_core.shell:create_environment_hook('tm_imu', 'cmake_prefix_path')
[16.160s] INFO:colcon.colcon_core.shell:Creating environment hook '/home/seapi/Documents/seadragon/imu_ws/install/tm_imu/share/tm_imu/hook/cmake_prefix_path.ps1'
[16.161s] INFO:colcon.colcon_core.shell:Creating environment descriptor '/home/seapi/Documents/seadragon/imu_ws/install/tm_imu/share/tm_imu/hook/cmake_prefix_path.dsv'
[16.167s] INFO:colcon.colcon_core.shell:Creating environment hook '/home/seapi/Documents/seadragon/imu_ws/install/tm_imu/share/tm_imu/hook/cmake_prefix_path.sh'
[16.173s] Level 1:colcon.colcon_core.environment:checking '/home/seapi/Documents/seadragon/imu_ws/install/tm_imu/lib'
[16.173s] Level 1:colcon.colcon_core.environment:checking '/home/seapi/Documents/seadragon/imu_ws/install/tm_imu/bin'
[16.173s] Level 1:colcon.colcon_core.environment:checking '/home/seapi/Documents/seadragon/imu_ws/install/tm_imu/lib/pkgconfig/tm_imu.pc'
[16.174s] Level 1:colcon.colcon_core.environment:checking '/home/seapi/Documents/seadragon/imu_ws/install/tm_imu/lib/python3.12/site-packages'
[16.174s] Level 1:colcon.colcon_core.environment:checking '/home/seapi/Documents/seadragon/imu_ws/install/tm_imu/bin'
[16.174s] INFO:colcon.colcon_core.shell:Creating package script '/home/seapi/Documents/seadragon/imu_ws/install/tm_imu/share/tm_imu/package.ps1'
[16.178s] INFO:colcon.colcon_core.shell:Creating package descriptor '/home/seapi/Documents/seadragon/imu_ws/install/tm_imu/share/tm_imu/package.dsv'
[16.184s] INFO:colcon.colcon_core.shell:Creating package script '/home/seapi/Documents/seadragon/imu_ws/install/tm_imu/share/tm_imu/package.sh'
[16.190s] INFO:colcon.colcon_core.shell:Creating package script '/home/seapi/Documents/seadragon/imu_ws/install/tm_imu/share/tm_imu/package.bash'
[16.195s] INFO:colcon.colcon_core.shell:Creating package script '/home/seapi/Documents/seadragon/imu_ws/install/tm_imu/share/tm_imu/package.zsh'
[16.201s] Level 1:colcon.colcon_core.environment:create_file_with_runtime_dependencies(/home/seapi/Documents/seadragon/imu_ws/install/tm_imu/share/colcon-core/packages/tm_imu)
[16.207s] DEBUG:colcon.colcon_parallel_executor.executor.parallel:closing loop
[16.208s] DEBUG:colcon.colcon_parallel_executor.executor.parallel:loop closed
[16.208s] DEBUG:colcon.colcon_parallel_executor.executor.parallel:run_until_complete finished with '0'
[16.208s] DEBUG:colcon.colcon_core.event_reactor:joining thread
[16.219s] INFO:colcon.colcon_core.plugin_system:Skipping extension 'colcon_notification.desktop_notification.terminal_notifier': Not used on non-Darwin systems
[16.219s] INFO:colcon.colcon_core.plugin_system:Skipping extension 'colcon_notification.desktop_notification.win32': Not used on non-Windows systems
[16.219s] INFO:colcon.colcon_notification.desktop_notification:Sending desktop notification using 'notify2'
[16.243s] DEBUG:colcon.colcon_core.event_reactor:joined thread
[16.244s] INFO:colcon.colcon_core.shell:Creating prefix script '/home/seapi/Documents/seadragon/imu_ws/install/local_setup.ps1'
[16.245s] INFO:colcon.colcon_core.shell:Creating prefix util module '/home/seapi/Documents/seadragon/imu_ws/install/_local_setup_util_ps1.py'
[16.246s] INFO:colcon.colcon_core.shell:Creating prefix chain script '/home/seapi/Documents/seadragon/imu_ws/install/setup.ps1'
[16.248s] INFO:colcon.colcon_core.shell:Creating prefix script '/home/seapi/Documents/seadragon/imu_ws/install/local_setup.sh'
[16.248s] INFO:colcon.colcon_core.shell:Creating prefix util module '/home/seapi/Documents/seadragon/imu_ws/install/_local_setup_util_sh.py'
[16.249s] INFO:colcon.colcon_core.shell:Creating prefix chain script '/home/seapi/Documents/seadragon/imu_ws/install/setup.sh'
[16.251s] INFO:colcon.colcon_core.shell:Creating prefix script '/home/seapi/Documents/seadragon/imu_ws/install/local_setup.bash'
[16.251s] INFO:colcon.colcon_core.shell:Creating prefix chain script '/home/seapi/Documents/seadragon/imu_ws/install/setup.bash'
[16.252s] INFO:colcon.colcon_core.shell:Creating prefix script '/home/seapi/Documents/seadragon/imu_ws/install/local_setup.zsh'
[16.253s] INFO:colcon.colcon_core.shell:Creating prefix chain script '/home/seapi/Documents/seadragon/imu_ws/install/setup.zsh'
